Build started 3/18/2016 7:31:46 PM.
     1>Project "F:\Project\GitHub\ImpGame\HuaRong\HuaRong\HuaRong.vcxproj" on node 2 (build target(s)).
     1>C:\Program Files (x86)\MSBuild\Microsoft.Cpp\v4.0\Microsoft.CppBuild.targets(299,5): warning MSB8004: Output Directory does not end with a trailing slash.  This build instance will add the slash as it is required to allow proper evaluation of the Output Directory.
     1>InitializeBuildStatus:
         Creating "Release\HuaRong.unsuccessfulbuild" because "AlwaysCreate" was specified.
       ClCompile:
         All outputs are up-to-date.
         C:\Program Files (x86)\Microsoft Visual Studio 10.0\VC\bin\CL.exe /c /Zi /nologo /W3 /WX- /O2 /Oi /Oy- /GL /D WIN32 /D NDEBUG /D _WINDOWS /D _UNICODE /D UNICODE /Gm- /EHsc /MD /GS /Gy /fp:precise /Zc:wchar_t /Zc:forScope /Yu"StdAfx.h" /Fp"Release\HuaRong.pch" /Fo"Release\\" /Fd"Release\vc100.pdb" /Gd /TP /analyze- /errorReport:prompt Game.cpp
         Game.cpp
       ResourceCompile:
         All outputs are up-to-date.
       Link:
         C:\Program Files (x86)\Microsoft Visual Studio 10.0\VC\bin\link.exe /ERRORREPORT:PROMPT /OUT:"F:\Project\GitHub\ImpGame\HuaRong\bin\HuaRong.exe" /INCREMENTAL:NO /NOLOGO lua532.lib gdiplus.lib kernel32.lib user32.lib gdi32.lib winspool.lib comdlg32.lib advapi32.lib shell32.lib ole32.lib oleaut32.lib uuid.lib odbc32.lib odbccp32.lib kernel32.lib user32.lib gdi32.lib winspool.lib comdlg32.lib advapi32.lib shell32.lib ole32.lib oleaut32.lib uuid.lib odbc32.lib odbccp32.lib /MANIFEST /ManifestFile:"Release\HuaRong.exe.intermediate.manifest" /MANIFESTUAC:"level='asInvoker' uiAccess='false'" /DEBUG /PDB:"F:\Project\GitHub\ImpGame\HuaRong\bin\HuaRong.pdb" /SUBSYSTEM:WINDOWS /OPT:REF /OPT:ICF /LTCG /TLBID:1 /DYNAMICBASE /NXCOMPAT /IMPLIB:"F:\Project\GitHub\ImpGame\HuaRong\bin\HuaRong.lib" /MACHINE:X86 Release\HuaRong.res
         Release\Block.obj
         Release\Game.obj
         Release\HuaRong.obj
         Release\PathManager.obj
         Release\stdafx.obj
         Generating code
         Finished generating code
         HuaRong.vcxproj -> F:\Project\GitHub\ImpGame\HuaRong\bin\HuaRong.exe
       Manifest:
         C:\Program Files (x86)\Microsoft SDKs\Windows\v7.0A\bin\mt.exe /nologo /verbose /outputresource:"F:\Project\GitHub\ImpGame\HuaRong\bin\HuaRong.exe;#1" /manifest Release\HuaRong.exe.intermediate.manifest
       FinalizeBuildStatus:
         Deleting file "Release\HuaRong.unsuccessfulbuild".
         Touching "Release\HuaRong.lastbuildstate".
     1>Done Building Project "F:\Project\GitHub\ImpGame\HuaRong\HuaRong\HuaRong.vcxproj" (build target(s)).

Build succeeded.

Time Elapsed 00:00:03.37
