Build started 3/18/2016 12:13:20 PM.
     1>Project "F:\Project\GitHub\ImpGame\HuaRong\Lua532\Lua532.vcxproj" on node 2 (build target(s)).
     1>C:\Program Files (x86)\MSBuild\Microsoft.Cpp\v4.0\Microsoft.CppBuild.targets(299,5): warning MSB8004: Output Directory does not end with a trailing slash.  This build instance will add the slash as it is required to allow proper evaluation of the Output Directory.
     1>InitializeBuildStatus:
         Creating "Release\Lua532.unsuccessfulbuild" because "AlwaysCreate" was specified.
       ClCompile:
         C:\Program Files (x86)\Microsoft Visual Studio 10.0\VC\bin\CL.exe /c /Zi /nologo /W3 /WX- /O2 /Oi /Oy- /GL /D _MBCS /Gm- /EHsc /MD /GS /Gy /fp:precise /Zc:wchar_t /Zc:forScope /Fo"Release\\" /Fd"Release\vc100.pdb" /Gd /TC /analyze- /errorReport:prompt lapi.c lauxlib.c lbaselib.c lbitlib.c lcode.c lcorolib.c lctype.c ldblib.c ldebug.c ldo.c ldump.c lfunc.c lgc.c linit.c liolib.c llex.c lmathlib.c lmem.c loadlib.c lobject.c lopcodes.c loslib.c lparser.c lstate.c lstring.c lstrlib.c ltable.c ltablib.c ltm.c lua.c luac.c lundump.c lutf8lib.c lvm.c lzio.c
         lapi.c
         lauxlib.c
         lbaselib.c
         lbitlib.c
         lcode.c
         lcorolib.c
         lctype.c
         ldblib.c
         ldebug.c
         ldo.c
         ldump.c
         lfunc.c
         lgc.c
         linit.c
         liolib.c
         llex.c
         lmathlib.c
         lmem.c
         loadlib.c
         lobject.c
         Compiling...
         lopcodes.c
         loslib.c
         lparser.c
         lstate.c
         lstring.c
         lstrlib.c
         ltable.c
         ltablib.c
         ltm.c
         lua.c
         luac.c
         lundump.c
         lutf8lib.c
         lvm.c
         lzio.c
       Lib:
         C:\Program Files (x86)\Microsoft Visual Studio 10.0\VC\bin\Lib.exe /OUT:"F:\Project\GitHub\ImpGame\HuaRong\lib\Lua532.lib" /NOLOGO /LTCG Release\lapi.obj
         Release\lauxlib.obj
         Release\lbaselib.obj
         Release\lbitlib.obj
         Release\lcode.obj
         Release\lcorolib.obj
         Release\lctype.obj
         Release\ldblib.obj
         Release\ldebug.obj
         Release\ldo.obj
         Release\ldump.obj
         Release\lfunc.obj
         Release\lgc.obj
         Release\linit.obj
         Release\liolib.obj
         Release\llex.obj
         Release\lmathlib.obj
         Release\lmem.obj
         Release\loadlib.obj
         Release\lobject.obj
         Release\lopcodes.obj
         Release\loslib.obj
         Release\lparser.obj
         Release\lstate.obj
         Release\lstring.obj
         Release\lstrlib.obj
         Release\ltable.obj
         Release\ltablib.obj
         Release\ltm.obj
         Release\lua.obj
         Release\luac.obj
         Release\lundump.obj
         Release\lutf8lib.obj
         Release\lvm.obj
         Release\lzio.obj
     1>lua.obj : warning LNK4006: _main already defined in luac.obj; second definition ignored
         Lua532.vcxproj -> F:\Project\GitHub\ImpGame\HuaRong\lib\Lua532.lib
       FinalizeBuildStatus:
         Deleting file "Release\Lua532.unsuccessfulbuild".
         Touching "Release\Lua532.lastbuildstate".
     1>Done Building Project "F:\Project\GitHub\ImpGame\HuaRong\Lua532\Lua532.vcxproj" (build target(s)).

Build succeeded.

Time Elapsed 00:00:02.47
