F:\PROJECT\HUARONG\LIB\LUA532.LIB
F:\Project\HuaRong\Lua532\Release\cl.command.1.tlog
F:\Project\HuaRong\Lua532\Release\CL.read.1.tlog
F:\Project\HuaRong\Lua532\Release\CL.write.1.tlog
F:\PROJECT\HUARONG\LUA532\RELEASE\LAPI.OBJ
F:\PROJECT\HUARONG\LUA532\RELEASE\LAUXLIB.OBJ
F:\PROJECT\HUARONG\LUA532\RELEASE\LBASELIB.OBJ
F:\PROJECT\HUARONG\LUA532\RELEASE\LBITLIB.OBJ
F:\PROJECT\HUARONG\LUA532\RELEASE\LCODE.OBJ
F:\PROJECT\HUARONG\LUA532\RELEASE\LCOROLIB.OBJ
F:\PROJECT\HUARONG\LUA532\RELEASE\LCTYPE.OBJ
F:\PROJECT\HUARONG\LUA532\RELEASE\LDBLIB.OBJ
F:\PROJECT\HUARONG\LUA532\RELEASE\LDEBUG.OBJ
F:\PROJECT\HUARONG\LUA532\RELEASE\LDO.OBJ
F:\PROJECT\HUARONG\LUA532\RELEASE\LDUMP.OBJ
F:\PROJECT\HUARONG\LUA532\RELEASE\LFUNC.OBJ
F:\PROJECT\HUARONG\LUA532\RELEASE\LGC.OBJ
F:\Project\HuaRong\Lua532\Release\lib.command.1.tlog
F:\Project\HuaRong\Lua532\Release\Lib-link.read.1.tlog
F:\Project\HuaRong\Lua532\Release\Lib-link.write.1.tlog
F:\PROJECT\HUARONG\LUA532\RELEASE\LINIT.OBJ
F:\PROJECT\HUARONG\LUA532\RELEASE\LIOLIB.OBJ
F:\PROJECT\HUARONG\LUA532\RELEASE\LLEX.OBJ
F:\PROJECT\HUARONG\LUA532\RELEASE\LMATHLIB.OBJ
F:\PROJECT\HUARONG\LUA532\RELEASE\LMEM.OBJ
F:\PROJECT\HUARONG\LUA532\RELEASE\LOADLIB.OBJ
F:\PROJECT\HUARONG\LUA532\RELEASE\LOBJECT.OBJ
F:\PROJECT\HUARONG\LUA532\RELEASE\LOPCODES.OBJ
F:\PROJECT\HUARONG\LUA532\RELEASE\LOSLIB.OBJ
F:\PROJECT\HUARONG\LUA532\RELEASE\LPARSER.OBJ
F:\PROJECT\HUARONG\LUA532\RELEASE\LSTATE.OBJ
F:\PROJECT\HUARONG\LUA532\RELEASE\LSTRING.OBJ
F:\PROJECT\HUARONG\LUA532\RELEASE\LSTRLIB.OBJ
F:\PROJECT\HUARONG\LUA532\RELEASE\LTABLE.OBJ
F:\PROJECT\HUARONG\LUA532\RELEASE\LTABLIB.OBJ
F:\PROJECT\HUARONG\LUA532\RELEASE\LTM.OBJ
F:\PROJECT\HUARONG\LUA532\RELEASE\LUA.OBJ
F:\Project\HuaRong\Lua532\Release\Lua532.write.1.tlog
F:\PROJECT\HUARONG\LUA532\RELEASE\LUAC.OBJ
F:\PROJECT\HUARONG\LUA532\RELEASE\LUNDUMP.OBJ
F:\PROJECT\HUARONG\LUA532\RELEASE\LUTF8LIB.OBJ
F:\PROJECT\HUARONG\LUA532\RELEASE\LVM.OBJ
F:\PROJECT\HUARONG\LUA532\RELEASE\LZIO.OBJ
F:\PROJECT\HUARONG\LUA532\RELEASE\VC100.PDB
