F:\PROJECT\GITHUB\IMPGAME\HUARONG\BIN\HUARONG.EXE
F:\PROJECT\GITHUB\IMPGAME\HUARONG\BIN\HUARONG.ILK
F:\PROJECT\GITHUB\IMPGAME\HUARONG\BIN\HUARONG.PDB
F:\PROJECT\GITHUB\IMPGAME\HUARONG\HUARONG\DEBUG\BLOCK.OBJ
F:\Project\GitHub\ImpGame\HuaRong\HuaRong\Debug\cl.command.1.tlog
F:\Project\GitHub\ImpGame\HuaRong\HuaRong\Debug\CL.read.1.tlog
F:\Project\GitHub\ImpGame\HuaRong\HuaRong\Debug\CL.write.1.tlog
F:\PROJECT\GITHUB\IMPGAME\HUARONG\HUARONG\DEBUG\GAME.OBJ
F:\PROJECT\GITHUB\IMPGAME\HUARONG\HUARONG\DEBUG\HUARONG.EXE.EMBED.MANIFEST
F:\PROJECT\GITHUB\IMPGAME\HUARONG\HUARONG\DEBUG\HUARONG.EXE.EMBED.MANIFEST.RES
F:\PROJECT\GITHUB\IMPGAME\HUARONG\HUARONG\DEBUG\HUARONG.EXE.INTERMEDIATE.MANIFEST
F:\PROJECT\GITHUB\IMPGAME\HUARONG\HUARONG\DEBUG\HUARONG.OBJ
F:\PROJECT\GITHUB\IMPGAME\HUARONG\HUARONG\DEBUG\HUARONG.PCH
F:\Project\GitHub\ImpGame\HuaRong\HuaRong\Debug\HuaRong.vcxprojResolveAssemblyReference.cache
F:\Project\GitHub\ImpGame\HuaRong\HuaRong\Debug\HuaRong.write.1.tlog
F:\Project\GitHub\ImpGame\HuaRong\HuaRong\Debug\HuaRong_manifest.rc
F:\Project\GitHub\ImpGame\HuaRong\HuaRong\Debug\link.command.1.tlog
F:\Project\GitHub\ImpGame\HuaRong\HuaRong\Debug\link.read.1.tlog
F:\Project\GitHub\ImpGame\HuaRong\HuaRong\Debug\link.write.1.tlog
F:\Project\GitHub\ImpGame\HuaRong\HuaRong\Debug\link-cvtres.read.1.tlog
F:\Project\GitHub\ImpGame\HuaRong\HuaRong\Debug\link-cvtres.write.1.tlog
F:\Project\GitHub\ImpGame\HuaRong\HuaRong\Debug\mt.command.1.tlog
F:\Project\GitHub\ImpGame\HuaRong\HuaRong\Debug\mt.read.1.tlog
F:\Project\GitHub\ImpGame\HuaRong\HuaRong\Debug\mt.write.1.tlog
F:\PROJECT\GITHUB\IMPGAME\HUARONG\HUARONG\DEBUG\PATHMANAGER.OBJ
F:\Project\GitHub\ImpGame\HuaRong\HuaRong\Debug\rc.command.1.tlog
F:\Project\GitHub\ImpGame\HuaRong\HuaRong\Debug\rc.read.1.tlog
F:\Project\GitHub\ImpGame\HuaRong\HuaRong\Debug\rc.write.1.tlog
F:\PROJECT\GITHUB\IMPGAME\HUARONG\HUARONG\DEBUG\STDAFX.OBJ
F:\Project\GitHub\ImpGame\HuaRong\HuaRong\Debug\vc100.idb
F:\PROJECT\GITHUB\IMPGAME\HUARONG\HUARONG\DEBUG\VC100.PDB
