Build started 3/18/2016 7:25:40 PM.
     1>Project "F:\Project\GitHub\ImpGame\HuaRong\HuaRong\HuaRong.vcxproj" on node 2 (build target(s)).
     1>C:\Program Files (x86)\MSBuild\Microsoft.Cpp\v4.0\Microsoft.CppBuild.targets(299,5): warning MSB8004: Output Directory does not end with a trailing slash.  This build instance will add the slash as it is required to allow proper evaluation of the Output Directory.
     1>InitializeBuildStatus:
         Creating "Debug\HuaRong.unsuccessfulbuild" because "AlwaysCreate" was specified.
       ClCompile:
         All outputs are up-to-date.
         C:\Program Files (x86)\Microsoft Visual Studio 10.0\VC\bin\CL.exe /c /ZI /nologo /W3 /WX- /Od /Oy- /D WIN32 /D _DEBUG /D _WINDOWS /D _UNICODE /D UNICODE /Gm /EHsc /RTC1 /MDd /GS /fp:precise /Zc:wchar_t /Zc:forScope /Yu"StdAfx.h" /Fp"Debug\HuaRong.pch" /Fo"Debug\\" /Fd"Debug\vc100.pdb" /Gd /TP /analyze- /errorReport:prompt Game.cpp
         Game.cpp
       ResourceCompile:
         All outputs are up-to-date.
       ManifestResourceCompile:
         All outputs are up-to-date.
       Link:
         C:\Program Files (x86)\Microsoft Visual Studio 10.0\VC\bin\link.exe /ERRORREPORT:PROMPT /OUT:"F:\Project\GitHub\ImpGame\HuaRong\bin\HuaRong.exe" /INCREMENTAL /NOLOGO lua532.lib gdiplus.lib kernel32.lib user32.lib gdi32.lib winspool.lib comdlg32.lib advapi32.lib shell32.lib ole32.lib oleaut32.lib uuid.lib odbc32.lib odbccp32.lib kernel32.lib user32.lib gdi32.lib winspool.lib comdlg32.lib advapi32.lib shell32.lib ole32.lib oleaut32.lib uuid.lib odbc32.lib odbccp32.lib /MANIFEST /ManifestFile:"Debug\HuaRong.exe.intermediate.manifest" /MANIFESTUAC:"level='asInvoker' uiAccess='false'" /DEBUG /PDB:"F:\Project\GitHub\ImpGame\HuaRong\bin\HuaRong.pdb" /SUBSYSTEM:WINDOWS /TLBID:1 /DYNAMICBASE /NXCOMPAT /IMPLIB:"F:\Project\GitHub\ImpGame\HuaRong\bin\HuaRong.lib" /MACHINE:X86 Debug\HuaRong.res
         Debug\HuaRong.exe.embed.manifest.res
         Debug\Block.obj
         Debug\Game.obj
         Debug\HuaRong.obj
         Debug\PathManager.obj
         Debug\stdafx.obj
         lua532.lib(lstate.obj) : MSIL .netmodule or module compiled with /GL found; restarting link with /LTCG; add /LTCG to the link command line to improve linker performance
     1>LINK : warning LNK4075: ignoring '/INCREMENTAL' due to '/LTCG' specification
     1>LINK : warning LNK4098: defaultlib 'MSVCRT' conflicts with use of other libs; use /NODEFAULTLIB:library
         Generating code
         Finished generating code
       Manifest:
         C:\Program Files (x86)\Microsoft SDKs\Windows\v7.0A\bin\mt.exe /nologo /verbose /out:"Debug\HuaRong.exe.embed.manifest" /manifest Debug\HuaRong.exe.intermediate.manifest
         All outputs are up-to-date.
       LinkEmbedManifest:
         All outputs are up-to-date.
         HuaRong.vcxproj -> F:\Project\GitHub\ImpGame\HuaRong\bin\HuaRong.exe
       FinalizeBuildStatus:
         Deleting file "Debug\HuaRong.unsuccessfulbuild".
         Touching "Debug\HuaRong.lastbuildstate".
     1>Done Building Project "F:\Project\GitHub\ImpGame\HuaRong\HuaRong\HuaRong.vcxproj" (build target(s)).

Build succeeded.

Time Elapsed 00:00:03.13
